
DevTools listening on ws://127.0.0.1:57109/devtools/browser/76f3b81b-f9de-4565-8644-b5b1f5bb9c9b
[29576:8988:0815/210034.396:ERROR:device_event_log_impl.cc(214)] [21:00:34.397] USB: usb_device_handle_win.cc:1048 Failed to read descriptor from node connection: A device attached to the system is not functioning. (0x1F)
[29576:8988:0815/210058.591:ERROR:network_service_instance_impl.cc(465)] Network service crashed, restarting service.
[29576:8988:0815/210058.684:ERROR:network_service_instance_impl.cc(465)] Network service crashed, restarting service.
[29576:8988:0815/210058.774:ERROR:network_service_instance_impl.cc(465)] Network service crashed, restarting service.
[29576:8988:0815/210058.866:ERROR:network_service_instance_impl.cc(465)] Network service crashed, restarting service.
[29576:8988:0815/210058.957:ERROR:network_service_instance_impl.cc(465)] Network service crashed, restarting service.
[29576:8988:0815/210059.051:ERROR:network_service_instance_impl.cc(465)] Network service crashed, restarting service.
[29576:8988:0815/210059.155:ERROR:network_service_instance_impl.cc(465)] Network service crashed, restarting service.
[29576:8988:0815/210059.248:ERROR:network_service_instance_impl.cc(465)] Network service crashed, restarting service.
[29576:8988:0815/210059.339:ERROR:network_service_instance_impl.cc(465)] Network service crashed, restarting service.
[29576:8988:0815/210059.429:ERROR:network_service_instance_impl.cc(465)] Network service crashed, restarting service.
[29576:8988:0815/210059.524:ERROR:network_service_instance_impl.cc(465)] Network service crashed, restarting service.
[29576:8988:0815/210059.619:ERROR:network_service_instance_impl.cc(465)] Network service crashed, restarting service.
[29576:8988:0815/210059.715:ERROR:network_service_instance_impl.cc(465)] Network service crashed, restarting service.
[29576:8988:0815/210059.807:ERROR:network_service_instance_impl.cc(465)] Network service crashed, restarting service.
[29576:8988:0815/210059.899:ERROR:network_service_instance_impl.cc(465)] Network service crashed, restarting service.
[29576:8988:0815/210059.992:ERROR:network_service_instance_impl.cc(465)] Network service crashed, restarting service.
[29576:8988:0815/210100.089:ERROR:network_service_instance_impl.cc(465)] Network service crashed, restarting service.
[29576:8988:0815/210100.183:ERROR:network_service_instance_impl.cc(465)] Network service crashed, restarting service.
[29576:8988:0815/210100.273:ERROR:network_service_instance_impl.cc(465)] Network service crashed, restarting service.
[29576:8988:0815/210100.365:ERROR:network_service_instance_impl.cc(465)] Network service crashed, restarting service.
[29576:8988:0815/210100.461:ERROR:network_service_instance_impl.cc(465)] Network service crashed, restarting service.
[29576:8988:0815/210100.553:ERROR:network_service_instance_impl.cc(465)] Network service crashed, restarting service.
[29576:8988:0815/210100.646:ERROR:network_service_instance_impl.cc(465)] Network service crashed, restarting service.
[29576:8988:0815/210100.739:ERROR:network_service_instance_impl.cc(465)] Network service crashed, restarting service.
[29576:8988:0815/210100.836:ERROR:network_service_instance_impl.cc(465)] Network service crashed, restarting service.
[29576:8988:0815/210100.931:ERROR:network_service_instance_impl.cc(465)] Network service crashed, restarting service.
[29576:8988:0815/210101.024:ERROR:network_service_instance_impl.cc(465)] Network service crashed, restarting service.
[29576:8988:0815/210101.124:ERROR:network_service_instance_impl.cc(465)] Network service crashed, restarting service.
[29576:8988:0815/210101.219:ERROR:network_service_instance_impl.cc(465)] Network service crashed, restarting service.
[29576:8988:0815/210101.313:ERROR:network_service_instance_impl.cc(465)] Network service crashed, restarting service.
[29576:8988:0815/210101.407:ERROR:network_service_instance_impl.cc(465)] Network service crashed, restarting service.
[29576:8988:0815/210101.498:ERROR:network_service_instance_impl.cc(465)] Network service crashed, restarting service.
[29576:8988:0815/210101.589:ERROR:network_service_instance_impl.cc(465)] Network service crashed, restarting service.
[29576:8988:0815/210101.685:ERROR:network_service_instance_impl.cc(465)] Network service crashed, restarting service.
[29576:8988:0815/210101.780:ERROR:network_service_instance_impl.cc(465)] Network service crashed, restarting service.
[29576:8988:0815/210101.876:ERROR:network_service_instance_impl.cc(465)] Network service crashed, restarting service.
[29576:8988:0815/210101.972:ERROR:network_service_instance_impl.cc(465)] Network service crashed, restarting service.
[29576:8988:0815/210102.070:ERROR:network_service_instance_impl.cc(465)] Network service crashed, restarting service.
[29576:8988:0815/210102.161:ERROR:network_service_instance_impl.cc(465)] Network service crashed, restarting service.
[29576:8988:0815/210102.270:ERROR:network_service_instance_impl.cc(465)] Network service crashed, restarting service.
[29576:8988:0815/210102.366:ERROR:network_service_instance_impl.cc(465)] Network service crashed, restarting service.
[29576:8988:0815/210102.461:ERROR:network_service_instance_impl.cc(465)] Network service crashed, restarting service.
[29576:8988:0815/210102.554:ERROR:network_service_instance_impl.cc(465)] Network service crashed, restarting service.
[29576:8988:0815/210102.647:ERROR:network_service_instance_impl.cc(465)] Network service crashed, restarting service.
[29576:8988:0815/210102.741:ERROR:network_service_instance_impl.cc(465)] Network service crashed, restarting service.
[29576:8988:0815/210102.837:ERROR:network_service_instance_impl.cc(465)] Network service crashed, restarting service.
[29576:8988:0815/210102.933:ERROR:network_service_instance_impl.cc(465)] Network service crashed, restarting service.
[29576:8988:0815/210103.030:ERROR:network_service_instance_impl.cc(465)] Network service crashed, restarting service.
[29576:8988:0815/210103.124:ERROR:network_service_instance_impl.cc(465)] Network service crashed, restarting service.
[29576:8988:0815/210103.218:ERROR:network_service_instance_impl.cc(465)] Network service crashed, restarting service.
[29576:8988:0815/210103.311:ERROR:network_service_instance_impl.cc(465)] Network service crashed, restarting service.
[29576:8988:0815/210103.405:ERROR:network_service_instance_impl.cc(465)] Network service crashed, restarting service.
[29576:8988:0815/210103.503:ERROR:network_service_instance_impl.cc(465)] Network service crashed, restarting service.
[29576:8988:0815/210103.600:ERROR:network_service_instance_impl.cc(465)] Network service crashed, restarting service.
[29576:8988:0815/210103.695:ERROR:network_service_instance_impl.cc(465)] Network service crashed, restarting service.
[29576:8988:0815/210103.790:ERROR:network_service_instance_impl.cc(465)] Network service crashed, restarting service.
[29576:8988:0815/210103.887:ERROR:network_service_instance_impl.cc(465)] Network service crashed, restarting service.
[29576:8988:0815/210103.983:ERROR:network_service_instance_impl.cc(465)] Network service crashed, restarting service.
[29576:8988:0815/210104.081:ERROR:network_service_instance_impl.cc(465)] Network service crashed, restarting service.
[29576:8988:0815/210104.178:ERROR:network_service_instance_impl.cc(465)] Network service crashed, restarting service.
[29576:8988:0815/210104.276:ERROR:network_service_instance_impl.cc(465)] Network service crashed, restarting service.
[29576:8988:0815/210104.373:ERROR:network_service_instance_impl.cc(465)] Network service crashed, restarting service.
[29576:8988:0815/210104.469:ERROR:network_service_instance_impl.cc(465)] Network service crashed, restarting service.
[29576:8988:0815/210104.566:ERROR:network_service_instance_impl.cc(465)] Network service crashed, restarting service.
[9932:31764:0815/210106.724:ERROR:resource_bundle.cc(991)] Failed to load C:\Users\pdend\AppData\Local\Google\Chrome SxS\Application\106.0.5242.0\chrome_100_percent.pak
Some features may not be available.
[23996:2336:0815/210112.841:ERROR:resource_bundle.cc(991)] Failed to load C:\Users\pdend\AppData\Local\Google\Chrome SxS\Application\106.0.5242.0\chrome_100_percent.pak
Some features may not be available.
[23028:28620:0815/210119.989:ERROR:resource_bundle.cc(991)] Failed to load C:\Users\pdend\AppData\Local\Google\Chrome SxS\Application\106.0.5242.0\chrome_100_percent.pak
Some features may not be available.
[27896:33684:0815/210223.493:ERROR:resource_bundle.cc(991)] Failed to load C:\Users\pdend\AppData\Local\Google\Chrome SxS\Application\106.0.5242.0\chrome_100_percent.pak
Some features may not be available.
[27820:15672:0815/210229.608:ERROR:resource_bundle.cc(991)] Failed to load C:\Users\pdend\AppData\Local\Google\Chrome SxS\Application\106.0.5242.0\chrome_100_percent.pak
Some features may not be available.
[20068:16396:0815/210236.717:ERROR:resource_bundle.cc(991)] Failed to load C:\Users\pdend\AppData\Local\Google\Chrome SxS\Application\106.0.5242.0\chrome_100_percent.pak
Some features may not be available.
[18736:28944:0815/210322.199:ERROR:resource_bundle.cc(991)] Failed to load C:\Users\pdend\AppData\Local\Google\Chrome SxS\Application\106.0.5242.0\chrome_100_percent.pak
Some features may not be available.
[24676:23436:0815/210328.340:ERROR:resource_bundle.cc(991)] Failed to load C:\Users\pdend\AppData\Local\Google\Chrome SxS\Application\106.0.5242.0\chrome_100_percent.pak
Some features may not be available.
